<?xml version="1.0" encoding="UTF-8"?>
<testsuite xmlns:xsi="http://www.w3.org/2001/XMLSchema-instance" xsi:noNamespaceSchemaLocation="https://maven.apache.org/surefire/maven-surefire-plugin/xsd/surefire-test-report.xsd" name="com.junit5.MathUtilsTest" time="0.078" tests="3" errors="0" skipped="0" failures="1">
  <properties>
[...]
</properties>
  <testcase name="testAdd" classname="com.junit5.MathUtilsTest" time="0.04"/>
  <testcase name="test" classname="com.junit5.MathUtilsTest" time="0"/>
  <testcase name="testDivide" classname="com.junit5.MathUtilsTest" time="0.03">
    <failure message="Divide by zero should throw ==&gt; Unexpected exception type thrown ==&gt; expected: &lt;java.lang.NullPointerException&gt; but was: &lt;java.lang.ArithmeticException&gt;" type="org.opentest4j.AssertionFailedError"><![CDATA[org.opentest4j.AssertionFailedError: Divide by zero should throw ==> Unexpected exception type thrown ==> expected: <java.lang.NullPointerException> but was: <java.lang.ArithmeticException>
	at com.junit5.MathUtilsTest.testDivide(MathUtilsTest.java:29)
Caused by: java.lang.ArithmeticException: / by zero
	at com.junit5.MathUtilsTest.lambda$0(MathUtilsTest.java:29)
	at com.junit5.MathUtilsTest.testDivide(MathUtilsTest.java:29)
]]></failure>
  </testcase>
</testsuite>